<?xml version="1.0" encoding="UTF-8"?>
<!-- Generated by org.testng.reporters.JUnitXMLReporter -->
<testsuite ignored="0" hostname="LAPTOP-OQBBVNJ3" failures="0" tests="3" name="Default test" time="14.475" errors="0" timestamp="2026-03-22T23:13:59 IST">
  <testcase classname="sdf.tests.MultipleTests" name="invalidLoginTest" time="1.032"/>
  <testcase classname="sdf.tests.MultipleTests" name="placeOrderTest" time="7.819"/>
  <testcase classname="sdf.tests.MultipleTests" name="verifyOrderIsMade" time="1.628"/>
</testsuite> <!-- Default test -->
