<?xml version="1.0" encoding="UTF-8"?>
<!-- Generated by org.testng.reporters.JUnitXMLReporter -->
<testsuite ignored="2" hostname="LAPTOP-OQBBVNJ3" failures="0" tests="1" name="Multiple Tests (Invalid Login and Placeorder)" time="3.035" errors="0" timestamp="2026-03-22T23:02:01 IST">
  <testcase classname="sdf.tests.MultipleTests" name="invalidLoginTest" time="1.044"/>
  <testcase classname="sdf.tests.MultipleTests" name="placeOrderTest" time="0.0">
    <ignored/>
  </testcase> <!-- placeOrderTest -->
  <testcase classname="sdf.tests.MultipleTests" name="verifyOrderIsMade" time="0.0">
    <ignored/>
  </testcase> <!-- verifyOrderIsMade -->
</testsuite> <!-- Multiple Tests (Invalid Login and Placeorder) -->
