<?xml version="1.0" encoding="UTF-8"?>
<!-- Generated by org.testng.reporters.JUnitXMLReporter -->
<testsuite ignored="0" hostname="LAPTOP-OQBBVNJ3" failures="0" tests="3" name="Multiple Tests (Invalid Login and Placeorder)" time="21.435" errors="0" timestamp="2026-03-01T14:33:47 IST">
  <testcase classname="sdf.tests.MultipleTests" name="invalidLoginTest" time="3.994"/>
  <testcase classname="sdf.tests.MultipleTests" name="placeOrderTest" time="7.861"/>
  <testcase classname="sdf.tests.MultipleTests" name="verifyOrderIsMade" time="3.442"/>
</testsuite> <!-- Multiple Tests (Invalid Login and Placeorder) -->
