<?xml version="1.0" encoding="UTF-8"?>
<testng-results ignored="0" total="3" passed="3" failed="0" skipped="0">
  <reporter-output>
  </reporter-output>
  <suite started-at="2026-03-22T23:13:44 IST" name="Default suite" finished-at="2026-03-22T23:13:59 IST" duration-ms="14475">
    <groups>
      <group name="Login Tests">
        <method signature="MultipleTests.invalidLoginTest()[pri:0, instance:sdf.tests.MultipleTests@47eaca72]" name="invalidLoginTest" class="sdf.tests.MultipleTests"/>
      </group> <!-- Login Tests -->
    </groups>
    <test started-at="2026-03-22T23:13:44 IST" name="Default test" finished-at="2026-03-22T23:13:59 IST" duration-ms="14475">
      <class name="sdf.tests.MultipleTests">
        <test-method is-config="true" signature="setUp()[pri:0, instance:sdf.tests.MultipleTests@47eaca72]" started-at="2026-03-22T23:13:44 IST" name="setUp" finished-at="2026-03-22T23:13:46 IST" duration-ms="1712" status="PASS">
          <reporter-output>
          </reporter-output>
        </test-method> <!-- setUp -->
        <test-method signature="invalidLoginTest()[pri:0, instance:sdf.tests.MultipleTests@47eaca72]" started-at="2026-03-22T23:13:46 IST" name="invalidLoginTest" finished-at="2026-03-22T23:13:47 IST" duration-ms="1032" status="PASS">
          <reporter-output>
          </reporter-output>
        </test-method> <!-- invalidLoginTest -->
        <test-method is-config="true" signature="tearDown()[pri:0, instance:sdf.tests.MultipleTests@47eaca72]" started-at="2026-03-22T23:13:47 IST" name="tearDown" finished-at="2026-03-22T23:13:47 IST" duration-ms="243" status="PASS">
          <reporter-output>
          </reporter-output>
        </test-method> <!-- tearDown -->
        <test-method is-config="true" signature="setUp()[pri:0, instance:sdf.tests.MultipleTests@47eaca72]" started-at="2026-03-22T23:13:47 IST" name="setUp" finished-at="2026-03-22T23:13:48 IST" duration-ms="776" status="PASS">
          <reporter-output>
          </reporter-output>
        </test-method> <!-- setUp -->
        <test-method signature="placeOrderTest()[pri:1, instance:sdf.tests.MultipleTests@47eaca72]" started-at="2026-03-22T23:13:48 IST" name="placeOrderTest" finished-at="2026-03-22T23:13:56 IST" duration-ms="7819" status="PASS">
          <reporter-output>
          </reporter-output>
        </test-method> <!-- placeOrderTest -->
        <test-method is-config="true" signature="tearDown()[pri:0, instance:sdf.tests.MultipleTests@47eaca72]" started-at="2026-03-22T23:13:56 IST" name="tearDown" finished-at="2026-03-22T23:13:56 IST" duration-ms="239" status="PASS">
          <reporter-output>
          </reporter-output>
        </test-method> <!-- tearDown -->
        <test-method is-config="true" signature="setUp()[pri:0, instance:sdf.tests.MultipleTests@47eaca72]" started-at="2026-03-22T23:13:56 IST" name="setUp" finished-at="2026-03-22T23:13:57 IST" duration-ms="753" status="PASS">
          <reporter-output>
          </reporter-output>
        </test-method> <!-- setUp -->
        <test-method signature="verifyOrderIsMade()[pri:2, instance:sdf.tests.MultipleTests@47eaca72]" started-at="2026-03-22T23:13:57 IST" name="verifyOrderIsMade" finished-at="2026-03-22T23:13:58 IST" depends-on-methods="sdf.tests.MultipleTests.placeOrderTest" duration-ms="1628" status="PASS">
          <reporter-output>
          </reporter-output>
        </test-method> <!-- verifyOrderIsMade -->
        <test-method is-config="true" signature="tearDown()[pri:0, instance:sdf.tests.MultipleTests@47eaca72]" started-at="2026-03-22T23:13:58 IST" name="tearDown" finished-at="2026-03-22T23:13:59 IST" duration-ms="203" status="PASS">
          <reporter-output>
          </reporter-output>
        </test-method> <!-- tearDown -->
      </class> <!-- sdf.tests.MultipleTests -->
    </test> <!-- Default test -->
  </suite> <!-- Default suite -->
</testng-results>
