<?xml version="1.0" encoding="UTF-8"?>
<testng-results ignored="0" total="2" passed="2" failed="0" skipped="0">
  <reporter-output>
  </reporter-output>
  <suite started-at="2026-03-25T23:39:30 IST" name="Default suite" finished-at="2026-03-25T23:39:59 IST" duration-ms="28801">
    <groups>
      <group name="Place Multiple Orders">
        <method signature="MultipleDataTests.placeMultipleOrders(java.lang.String)[pri:0, instance:sdf.tests.MultipleDataTests@48f2bd5b]" name="placeMultipleOrders" class="sdf.tests.MultipleDataTests"/>
      </group> <!-- Place Multiple Orders -->
    </groups>
    <test started-at="2026-03-25T23:39:30 IST" name="Default test" finished-at="2026-03-25T23:39:59 IST" duration-ms="28801">
      <class name="sdf.tests.MultipleDataTests">
        <test-method is-config="true" signature="setUp()[pri:0, instance:sdf.tests.MultipleDataTests@48f2bd5b]" started-at="2026-03-25T23:39:30 IST" name="setUp" finished-at="2026-03-25T23:39:32 IST" duration-ms="1903" status="PASS">
          <reporter-output>
          </reporter-output>
        </test-method> <!-- setUp -->
        <test-method signature="placeMultipleOrders(java.lang.String)[pri:0, instance:sdf.tests.MultipleDataTests@48f2bd5b]" started-at="2026-03-25T23:39:32 IST" name="placeMultipleOrders" data-provider="items" finished-at="2026-03-25T23:39:46 IST" duration-ms="13561" status="PASS">
          <params>
            <param index="0">
              <value>
                <![CDATA[adidas original]]>
              </value>
            </param>
          </params>
          <reporter-output>
          </reporter-output>
        </test-method> <!-- placeMultipleOrders -->
        <test-method is-config="true" signature="tearDown()[pri:0, instance:sdf.tests.MultipleDataTests@48f2bd5b]" started-at="2026-03-25T23:39:46 IST" name="tearDown" finished-at="2026-03-25T23:39:46 IST" duration-ms="429" status="PASS">
          <reporter-output>
          </reporter-output>
        </test-method> <!-- tearDown -->
        <test-method is-config="true" signature="setUp()[pri:0, instance:sdf.tests.MultipleDataTests@48f2bd5b]" started-at="2026-03-25T23:39:46 IST" name="setUp" finished-at="2026-03-25T23:39:47 IST" duration-ms="975" status="PASS">
          <reporter-output>
          </reporter-output>
        </test-method> <!-- setUp -->
        <test-method signature="placeMultipleOrders(java.lang.String)[pri:0, instance:sdf.tests.MultipleDataTests@48f2bd5b]" started-at="2026-03-25T23:39:47 IST" name="placeMultipleOrders" data-provider="items" finished-at="2026-03-25T23:39:58 IST" duration-ms="11400" status="PASS">
          <params>
            <param index="0">
              <value>
                <![CDATA[zara coat 3]]>
              </value>
            </param>
          </params>
          <reporter-output>
          </reporter-output>
        </test-method> <!-- placeMultipleOrders -->
        <test-method is-config="true" signature="tearDown()[pri:0, instance:sdf.tests.MultipleDataTests@48f2bd5b]" started-at="2026-03-25T23:39:58 IST" name="tearDown" finished-at="2026-03-25T23:39:59 IST" duration-ms="425" status="PASS">
          <reporter-output>
          </reporter-output>
        </test-method> <!-- tearDown -->
      </class> <!-- sdf.tests.MultipleDataTests -->
    </test> <!-- Default test -->
  </suite> <!-- Default suite -->
</testng-results>
