<?xml version="1.0" encoding="UTF-8"?>
<!-- Generated by org.testng.reporters.JUnitReportReporter -->
<testsuite hostname="LAPTOP-OQBBVNJ3" failures="0" tests="2" name="sdf.tests.MultipleDataTests" time="30.891" errors="0" timestamp="2026-03-23T23:30:27 IST" skipped="0">
  <testcase classname="sdf.tests.MultipleDataTests" name="placeMultipleOrders" time="14.346"/>
  <testcase classname="sdf.tests.MultipleDataTests" name="placeMultipleOrders" time="16.545"/>
</testsuite> <!-- sdf.tests.MultipleDataTests -->
