<?xml version="1.0" encoding="UTF-8"?>
<!-- Generated by org.testng.reporters.JUnitReportReporter -->
<testsuite hostname="LAPTOP-OQBBVNJ3" failures="0" tests="2" name="sdf.tests.MultipleDataTests" time="24.117" errors="0" timestamp="2026-04-05T13:29:54 IST" skipped="0">
  <testcase classname="sdf.tests.MultipleDataTests" name="placeMultipleOrders" time="11.143"/>
  <testcase classname="sdf.tests.MultipleDataTests" name="placeMultipleOrders" time="12.974"/>
</testsuite> <!-- sdf.tests.MultipleDataTests -->
