<?xml version="1.0" encoding="UTF-8"?>
<!-- Generated by org.testng.reporters.JUnitReportReporter -->
<testsuite hostname="LAPTOP-OQBBVNJ3" failures="0" tests="3" name="sdf.tests.MultipleTests" time="21.301" errors="0" timestamp="2026-03-01T14:33:48 IST" skipped="0">
  <testcase classname="sdf.tests.MultipleTests" name="invalidLoginTest" time="5.369"/>
  <testcase classname="sdf.tests.MultipleTests" name="placeOrderTest" time="9.453"/>
  <testcase classname="sdf.tests.MultipleTests" name="verifyOrderIsMade" time="6.479"/>
</testsuite> <!-- sdf.tests.MultipleTests -->
