<?xml version="1.0" encoding="UTF-8"?>
<!-- Generated by org.testng.reporters.JUnitReportReporter -->
<testsuite hostname="LAPTOP-OQBBVNJ3" failures="0" tests="3" name="sdf.tests.MultipleTests" time="25.468" errors="0" timestamp="2026-03-23T22:03:34 IST" skipped="0">
  <testcase classname="sdf.tests.MultipleTests" name="invalidLoginTest" time="5.547"/>
  <testcase classname="sdf.tests.MultipleTests" name="placeOrderTest" time="14.212"/>
  <testcase classname="sdf.tests.MultipleTests" name="verifyOrderIsMade" time="5.709"/>
</testsuite> <!-- sdf.tests.MultipleTests -->
